<?xml version="1.0" encoding="UTF-8"?>
<testng-results skipped="0" failed="0" ignored="0" total="1" passed="1">
  <reporter-output>
  </reporter-output>
  <suite name="Default suite" duration-ms="340765" started-at="2020-04-20T16:19:51 PDT" finished-at="2020-04-20T16:25:32 PDT">
    <groups>
    </groups>
    <test name="Default test" duration-ms="340765" started-at="2020-04-20T16:19:51 PDT" finished-at="2020-04-20T16:25:32 PDT">
      <class name="tests.Testing1">
        <test-method status="PASS" signature="reportSetup()[pri:0, instance:tests.Testing1@53ca01a2]" name="reportSetup" is-config="true" duration-ms="93" started-at="2020-04-20T16:19:50 PDT" finished-at="2020-04-20T16:19:50 PDT">
          <reporter-output>
          </reporter-output>
        </test-method> <!-- reportSetup -->
        <test-method status="PASS" signature="startServerLogs(org.testng.ITestContext)[pri:0, instance:tests.Testing1@53ca01a2]" name="startServerLogs" is-config="true" duration-ms="1073" started-at="2020-04-20T16:19:50 PDT" depends-on-methods="tests.ExtentReportDemo.reportSetup" finished-at="2020-04-20T16:19:51 PDT">
          <params>
            <param index="0">
              <value>
                <![CDATA[org.testng.TestRunner@24f43aa3]]>
              </value>
            </param>
          </params>
          <reporter-output>
          </reporter-output>
        </test-method> <!-- startServerLogs -->
        <test-method status="PASS" signature="setAppCapabilities()[pri:0, instance:tests.Testing1@53ca01a2]" name="setAppCapabilities" is-config="true" duration-ms="340740" started-at="2020-04-20T16:19:51 PDT" finished-at="2020-04-20T16:25:32 PDT">
          <reporter-output>
          </reporter-output>
        </test-method> <!-- setAppCapabilities -->
        <test-method status="PASS" signature="SampleTest()[pri:0, instance:tests.Testing1@53ca01a2]" name="SampleTest" duration-ms="10" started-at="2020-04-20T16:25:32 PDT" finished-at="2020-04-20T16:25:32 PDT">
          <reporter-output>
          </reporter-output>
        </test-method> <!-- SampleTest -->
        <test-method status="FAIL" signature="teardown()[pri:0, instance:tests.Testing1@53ca01a2]" name="teardown" is-config="true" duration-ms="43" started-at="2020-04-20T16:25:32 PDT" finished-at="2020-04-20T16:25:32 PDT">
          <exception class="org.openqa.selenium.UnsupportedCommandException">
            <message>
              <![CDATA[Method is not implemented (WARNING: The server did not provide any stacktrace information)
Command duration or timeout: 42 milliseconds
Build info: version: '2.52.0', revision: '4c2593cfc3689a7fcd7be52549167e5ccc93ad28', time: '2016-02-11 11:22:43'
System info: host: 'pratimas-MacBook-Pro.local', ip: '192.168.1.3', os.name: 'Mac OS X', os.arch: 'x86_64', os.version: '10.14.6', java.version: '1.8.0_231'
Driver info: io.appium.java_client.ios.IOSDriver
Capabilities [{app=/Users/pratima.chinthala/Documents/connect/connect.ipa, networkConnectionEnabled=false, noReset=true, xcodeOrgID=VP29PT4S86, databaseEnabled=false, startIWDP=true, updatedWDABundleId=com.servicemaxinc.WebDriverAgentRunner, deviceName=Pratima iPhone, updatedWDABundleID=com.servicemaxinc.WebDriverAgentRunner, xcodeSigningId=Apple Development:Servicmax FSA (6DFUZHHYAX), platform=MAC, appium-version=1.17.0, platformVersion=13.2.2, webStorageEnabled=false, locationContextEnabled=false, automationName=XCUITest, browserName=, takesScreenshot=true, javascriptEnabled=true, platformName=iOS, udid=00008030-001024301ADA802E}]
Session ID: 8517fbf3-bfd9-429a-9ec3-ce5035b550b9]]>
            </message>
            <full-stacktrace>
              <![CDATA[org.openqa.selenium.UnsupportedCommandException: Method is not implemented (WARNING: The server did not provide any stacktrace information)
Command duration or timeout: 42 milliseconds
Build info: version: '2.52.0', revision: '4c2593cfc3689a7fcd7be52549167e5ccc93ad28', time: '2016-02-11 11:22:43'
System info: host: 'pratimas-MacBook-Pro.local', ip: '192.168.1.3', os.name: 'Mac OS X', os.arch: 'x86_64', os.version: '10.14.6', java.version: '1.8.0_231'
Driver info: io.appium.java_client.ios.IOSDriver
Capabilities [{app=/Users/pratima.chinthala/Documents/connect/connect.ipa, networkConnectionEnabled=false, noReset=true, xcodeOrgID=VP29PT4S86, databaseEnabled=false, startIWDP=true, updatedWDABundleId=com.servicemaxinc.WebDriverAgentRunner, deviceName=Pratima iPhone, updatedWDABundleID=com.servicemaxinc.WebDriverAgentRunner, xcodeSigningId=Apple Development:Servicmax FSA (6DFUZHHYAX), platform=MAC, appium-version=1.17.0, platformVersion=13.2.2, webStorageEnabled=false, locationContextEnabled=false, automationName=XCUITest, browserName=, takesScreenshot=true, javascriptEnabled=true, platformName=iOS, udid=00008030-001024301ADA802E}]
Session ID: 8517fbf3-bfd9-429a-9ec3-ce5035b550b9
at sun.reflect.NativeConstructorAccessorImpl.newInstance0(Native Method)
at sun.reflect.NativeConstructorAccessorImpl.newInstance(NativeConstructorAccessorImpl.java:62)
at sun.reflect.DelegatingConstructorAccessorImpl.newInstance(DelegatingConstructorAccessorImpl.java:45)
at java.lang.reflect.Constructor.newInstance(Constructor.java:423)
at org.openqa.selenium.remote.ErrorHandler.createThrowable(ErrorHandler.java:206)
at org.openqa.selenium.remote.ErrorHandler.throwIfResponseFailed(ErrorHandler.java:158)
at org.openqa.selenium.remote.RemoteWebDriver.execute(RemoteWebDriver.java:678)
at io.appium.java_client.DefaultGenericMobileDriver.execute(DefaultGenericMobileDriver.java:42)
at io.appium.java_client.AppiumDriver.execute(AppiumDriver.java:206)
at org.openqa.selenium.remote.RemoteWebDriver.close(RemoteWebDriver.java:521)
at tests.BaseClass.teardown(BaseClass.java:525)
at sun.reflect.NativeMethodAccessorImpl.invoke0(Native Method)
at sun.reflect.NativeMethodAccessorImpl.invoke(NativeMethodAccessorImpl.java:62)
at sun.reflect.DelegatingMethodAccessorImpl.invoke(DelegatingMethodAccessorImpl.java:43)
at java.lang.reflect.Method.invoke(Method.java:498)
at org.testng.internal.MethodInvocationHelper.invokeMethod(MethodInvocationHelper.java:134)
at org.testng.internal.MethodInvocationHelper.invokeMethodConsideringTimeout(MethodInvocationHelper.java:63)
at org.testng.internal.ConfigInvoker.invokeConfigurationMethod(ConfigInvoker.java:348)
at org.testng.internal.ConfigInvoker.invokeConfigurations(ConfigInvoker.java:302)
at org.testng.SuiteRunner.privateRun(SuiteRunner.java:351)
at org.testng.SuiteRunner.run(SuiteRunner.java:286)
at org.testng.SuiteRunnerWorker.runSuite(SuiteRunnerWorker.java:53)
at org.testng.SuiteRunnerWorker.run(SuiteRunnerWorker.java:96)
at org.testng.TestNG.runSuitesSequentially(TestNG.java:1187)
at org.testng.TestNG.runSuitesLocally(TestNG.java:1109)
at org.testng.TestNG.runSuites(TestNG.java:1039)
at org.testng.TestNG.run(TestNG.java:1007)
at org.testng.remote.AbstractRemoteTestNG.run(AbstractRemoteTestNG.java:115)
at org.testng.remote.RemoteTestNG.initAndRun(RemoteTestNG.java:251)
at org.testng.remote.RemoteTestNG.main(RemoteTestNG.java:77)
]]>
            </full-stacktrace>
          </exception> <!-- org.openqa.selenium.UnsupportedCommandException -->
          <reporter-output>
          </reporter-output>
        </test-method> <!-- teardown -->
        <test-method status="SKIP" signature="reportTearDown()[pri:0, instance:tests.Testing1@53ca01a2]" name="reportTearDown" is-config="true" duration-ms="-1587425132146" started-at="2020-04-20T16:25:32 PDT" depends-on-methods="tests.BaseClass.teardown" finished-at="1969-12-31T16:00:00 PST">
          <reporter-output>
          </reporter-output>
        </test-method> <!-- reportTearDown -->
      </class> <!-- tests.Testing1 -->
    </test> <!-- Default test -->
  </suite> <!-- Default suite -->
</testng-results>
